<?xml version="1.0" encoding="UTF-8"?>
<!-- Generated by org.testng.reporters.JUnitXMLReporter -->
<testsuite hostname="DESKTOP-UQ5ATUK" ignored="0" name="Test" tests="7" failures="0" timestamp="04 Apr 2020 16:32:57 GMT" time="7.184" errors="0">
  <testcase name="testcase1" time="4.327" classname="org.testing.TestScripts.TC1"/>
  <testcase name="testcase2" time="0.189" classname="org.testing.TestScripts.TC2"/>
  <testcase name="testcase3" time="0.057" classname="org.testing.TestScripts.TC3"/>
  <testcase name="testcase4" time="0.051" classname="org.testing.TestScripts.TC4"/>
  <testcase name="testcase5" time="0.139" classname="org.testing.TestScripts.TC5"/>
  <testcase name="testcase6" time="1.137" classname="org.testing.TestScripts.TC6"/>
  <testcase name="testcase7" time="1.193" classname="org.testing.TestScripts.TC7"/>
</testsuite> <!-- Test -->
